<?xml version="1.0" encoding="UTF-8"?>
<testsuite xmlns:xsi="http://www.w3.org/2001/XMLSchema-instance" xsi:noNamespaceSchemaLocation="https://maven.apache.org/surefire/maven-surefire-plugin/xsd/surefire-test-report-3.0.xsd" version="3.0" name="com.sapient.trg.service.PersonTest" time="0.046" tests="12" errors="0" skipped="9" failures="0">
  <properties>
[...]
</properties>
  <testcase name="testForValidGetPersonId" classname="com.sapient.trg.service.PersonTest" time="0.03"/>
  <testcase name="testSetFirstName" classname="com.sapient.trg.service.PersonTest" time="0">
    <skipped message="void com.sapient.trg.service.PersonTest.testSetFirstName() is @Disabled"/>
  </testcase>
  <testcase name="testForInvalidGetPersonId" classname="com.sapient.trg.service.PersonTest" time="0.001"/>
  <testcase name="testGetBirthdate" classname="com.sapient.trg.service.PersonTest" time="0">
    <skipped message="void com.sapient.trg.service.PersonTest.testGetBirthdate() is @Disabled"/>
  </testcase>
  <testcase name="testSetLastName" classname="com.sapient.trg.service.PersonTest" time="0">
    <skipped message="void com.sapient.trg.service.PersonTest.testSetLastName() is @Disabled"/>
  </testcase>
  <testcase name="testGetLastName" classname="com.sapient.trg.service.PersonTest" time="0">
    <skipped message="void com.sapient.trg.service.PersonTest.testGetLastName() is @Disabled"/>
  </testcase>
  <testcase name="testSetMobile" classname="com.sapient.trg.service.PersonTest" time="0">
    <skipped message="void com.sapient.trg.service.PersonTest.testSetMobile() is @Disabled"/>
  </testcase>
  <testcase name="testGetFirstName" classname="com.sapient.trg.service.PersonTest" time="0">
    <skipped message="void com.sapient.trg.service.PersonTest.testGetFirstName() is @Disabled"/>
  </testcase>
  <testcase name="testGetMobile" classname="com.sapient.trg.service.PersonTest" time="0">
    <skipped message="void com.sapient.trg.service.PersonTest.testGetMobile() is @Disabled"/>
  </testcase>
  <testcase name="testSetBirthdate" classname="com.sapient.trg.service.PersonTest" time="0">
    <skipped message="void com.sapient.trg.service.PersonTest.testSetBirthdate() is @Disabled"/>
  </testcase>
  <testcase name="testPersonIntegerStringStringLocalDateLong" classname="com.sapient.trg.service.PersonTest" time="0">
    <skipped message="void com.sapient.trg.service.PersonTest.testPersonIntegerStringStringLocalDateLong() is @Disabled"/>
  </testcase>
  <testcase name="testSetPersonId" classname="com.sapient.trg.service.PersonTest" time="0.001"/>
</testsuite>